<?xml version="1.0" encoding="UTF-8"?>
<!-- Generated by org.testng.reporters.JUnitReportReporter -->
<testsuite hostname="LAPTOP-96G9TDJ3" failures="0" tests="2" name="Test.WebTable" time="1.300" errors="0" timestamp="2022-10-14T08:26:17 IST" skipped="0">
  <testcase classname="Test.WebTable" name="HandleWebTable" time="1.194"/>
  <system-out/>
  <testcase classname="Test.WebTable" name="Fitchcolunm" time="0.106"/>
  <system-out/>
</testsuite> <!-- Test.WebTable -->
